0 info it worked if it ends with ok
1 verbose cli [ '/Users/henrim/.nvm/versions/node/v4.4.6/bin/node',
1 verbose cli   '/Users/henrim/.nvm/versions/node/v4.4.6/bin/npm',
1 verbose cli   'start' ]
2 info using npm@2.15.5
3 info using node@v4.4.6
4 verbose stack Error: missing script: start
4 verbose stack     at run (/Users/henrim/.nvm/versions/node/v4.4.6/lib/node_modules/npm/lib/run-script.js:142:19)
4 verbose stack     at /Users/henrim/.nvm/versions/node/v4.4.6/lib/node_modules/npm/lib/run-script.js:58:5
4 verbose stack     at /Users/henrim/.nvm/versions/node/v4.4.6/lib/node_modules/npm/node_modules/read-package-json/read-json.js:356:5
4 verbose stack     at checkBinReferences_ (/Users/henrim/.nvm/versions/node/v4.4.6/lib/node_modules/npm/node_modules/read-package-json/read-json.js:320:45)
4 verbose stack     at final (/Users/henrim/.nvm/versions/node/v4.4.6/lib/node_modules/npm/node_modules/read-package-json/read-json.js:354:3)
4 verbose stack     at then (/Users/henrim/.nvm/versions/node/v4.4.6/lib/node_modules/npm/node_modules/read-package-json/read-json.js:124:5)
4 verbose stack     at ReadFileContext.<anonymous> (/Users/henrim/.nvm/versions/node/v4.4.6/lib/node_modules/npm/node_modules/read-package-json/read-json.js:295:20)
4 verbose stack     at ReadFileContext.callback (/Users/henrim/.nvm/versions/node/v4.4.6/lib/node_modules/npm/node_modules/graceful-fs/graceful-fs.js:78:16)
4 verbose stack     at FSReqWrap.readFileAfterOpen [as oncomplete] (fs.js:303:13)
5 verbose cwd /Users/henrim/Documents/projects/nest/nest-client
6 error Darwin 16.0.0
7 error argv "/Users/henrim/.nvm/versions/node/v4.4.6/bin/node" "/Users/henrim/.nvm/versions/node/v4.4.6/bin/npm" "start"
8 error node v4.4.6
9 error npm  v2.15.5
10 error missing script: start
11 error If you need help, you may report this error at:
11 error     <https://github.com/npm/npm/issues>
12 verbose exit [ 1, true ]
